<?xml version="1.0" encoding="UTF-8"?>
<!-- Generated by org.testng.reporters.JUnitXMLReporter -->
<testsuite hostname="DESKTOP-UM1UB2U" ignored="0" name="Test" tests="4" failures="0" timestamp="25 Aug 2020 16:10:15 GMT" time="0.054" errors="0">
  <testcase name="APIlogin" time="0.011" classname="qaacademy.MavenNew.APITest"/>
  <testcase name="APIlogout" time="0.001" classname="qaacademy.MavenNew.APITest"/>
  <testcase name="Appiumlogin" time="0.001" classname="qaacademy.MavenNew.AppiumTest"/>
  <testcase name="Appiumlogout" time="0.0" classname="qaacademy.MavenNew.AppiumTest"/>
</testsuite> <!-- Test -->
