<?xml version="1.0" encoding="UTF-8"?>
<testng-results skipped="0" failed="0" ignored="0" total="4" passed="4">
  <reporter-output>
  </reporter-output>
  <suite name="Suite" duration-ms="54" started-at="2020-08-25T16:10:15Z" finished-at="2020-08-25T16:10:15Z">
    <groups>
    </groups>
    <test name="Test" duration-ms="54" started-at="2020-08-25T16:10:15Z" finished-at="2020-08-25T16:10:15Z">
      <class name="qaacademy.MavenNew.APITest">
        <test-method status="PASS" signature="APIlogin()[pri:0, instance:qaacademy.MavenNew.APITest@13969fbe]" name="APIlogin" duration-ms="11" started-at="2020-08-25T16:10:15Z" finished-at="2020-08-25T16:10:15Z">
          <reporter-output>
          </reporter-output>
        </test-method> <!-- APIlogin -->
        <test-method status="PASS" signature="APIlogout()[pri:0, instance:qaacademy.MavenNew.APITest@13969fbe]" name="APIlogout" duration-ms="1" started-at="2020-08-25T16:10:15Z" finished-at="2020-08-25T16:10:15Z">
          <reporter-output>
          </reporter-output>
        </test-method> <!-- APIlogout -->
      </class> <!-- qaacademy.MavenNew.APITest -->
      <class name="qaacademy.MavenNew.AppiumTest">
        <test-method status="PASS" signature="Appiumlogin()[pri:0, instance:qaacademy.MavenNew.AppiumTest@6aaa5eb0]" name="Appiumlogin" duration-ms="1" started-at="2020-08-25T16:10:15Z" finished-at="2020-08-25T16:10:15Z">
          <reporter-output>
          </reporter-output>
        </test-method> <!-- Appiumlogin -->
        <test-method status="PASS" signature="Appiumlogout()[pri:0, instance:qaacademy.MavenNew.AppiumTest@6aaa5eb0]" name="Appiumlogout" duration-ms="0" started-at="2020-08-25T16:10:15Z" finished-at="2020-08-25T16:10:15Z">
          <reporter-output>
          </reporter-output>
        </test-method> <!-- Appiumlogout -->
      </class> <!-- qaacademy.MavenNew.AppiumTest -->
    </test> <!-- Test -->
  </suite> <!-- Suite -->
</testng-results>
